<?xml version="1.0" encoding="UTF-8"?>
<testng-results ignored="0" total="1" passed="1" failed="0" skipped="0">
  <reporter-output>
  </reporter-output>
  <suite started-at="2024-12-15T20:50:06 IST" name="Default suite" finished-at="2024-12-15T20:50:08 IST" duration-ms="2786">
    <groups>
    </groups>
    <test started-at="2024-12-15T20:50:06 IST" name="Default test" finished-at="2024-12-15T20:50:08 IST" duration-ms="2786">
      <class name="Main">
        <test-method is-config="true" signature="setUp()[pri:0, instance:Main@411f53a0]" started-at="2024-12-15T20:50:06 IST" name="setUp" finished-at="2024-12-15T20:50:07 IST" duration-ms="1772" status="PASS">
          <reporter-output>
          </reporter-output>
        </test-method> <!-- setUp -->
        <test-method signature="testSimpleForm()[pri:0, instance:Main@411f53a0]" started-at="2024-12-15T20:50:07 IST" name="testSimpleForm" finished-at="2024-12-15T20:50:08 IST" duration-ms="837" status="PASS">
          <reporter-output>
          </reporter-output>
        </test-method> <!-- testSimpleForm -->
        <test-method is-config="true" signature="tearDown()[pri:0, instance:Main@411f53a0]" started-at="2024-12-15T20:50:08 IST" name="tearDown" finished-at="2024-12-15T20:50:08 IST" duration-ms="147" status="PASS">
          <reporter-output>
          </reporter-output>
        </test-method> <!-- tearDown -->
      </class> <!-- Main -->
    </test> <!-- Default test -->
  </suite> <!-- Default suite -->
</testng-results>
